[debug] [2020-11-01T07:13:21.095Z] ----------------------------------------------------------------------
[debug] [2020-11-01T07:13:21.098Z] Command:       C:\Program Files\nodejs\node.exe C:\Users\beyou\AppData\Roaming\npm\node_modules\firebase-tools\lib\bin\firebase.js emulators:start
[debug] [2020-11-01T07:13:21.098Z] CLI Version:   8.13.1
[debug] [2020-11-01T07:13:21.098Z] Platform:      win32
[debug] [2020-11-01T07:13:21.098Z] Node Version:  v12.18.3
[debug] [2020-11-01T07:13:21.099Z] Time:          Sun Nov 01 2020 12:43:21 GMT+0530 (India Standard Time)
[debug] [2020-11-01T07:13:21.099Z] ----------------------------------------------------------------------
[debug] [2020-11-01T07:13:21.099Z] 
[debug] [2020-11-01T07:13:21.110Z] > command requires scopes: ["email","openid","https://www.googleapis.com/auth/cloudplatformprojects.readonly","https://www.googleapis.com/auth/firebase","https://www.googleapis.com/auth/cloud-platform"]
[debug] [2020-11-01T07:13:21.110Z] > authorizing via signed-in user
[info] i  emulators: Starting emulators: functions, hosting {"metadata":{"emulator":{"name":"hub"},"message":"Starting emulators: functions, hosting"}}
[warn] !  emulators: It seems that you are running multiple instances of the emulator suite for project clone-b50ff. This may result in unexpected behavior. 
[debug] [2020-11-01T07:13:23.156Z] [hub] writing locator at C:\Users\beyou\AppData\Local\Temp\hub-clone-b50ff.json
[warn] !  functions: The following emulators are not running, calls to these services from the Functions emulator will affect production: auth, firestore, database, pubsub {"metadata":{"emulator":{"name":"functions"},"message":"The following emulators are not running, calls to these services from the Functions emulator will affect production: \u001b[1mauth, firestore, database, pubsub\u001b[22m"}}
[warn] !  Your requested "node" version "10" doesn't match your global version "12" {"metadata":{"emulator":{"name":"functions"},"message":"Your requested \"node\" version \"10\" doesn't match your global version \"12\""}}
[debug] [2020-11-01T07:13:25.209Z] defaultcredentials: writing to file C:\Users\beyou\AppData\Roaming\firebase\beyousaravana_gmail_com_application_default_credentials.json
[debug] [2020-11-01T07:13:25.212Z] Setting GAC to C:\Users\beyou\AppData\Roaming\firebase\beyousaravana_gmail_com_application_default_credentials.json {"metadata":{"emulator":{"name":"functions"},"message":"Setting GAC to C:\\Users\\beyou\\AppData\\Roaming\\firebase\\beyousaravana_gmail_com_application_default_credentials.json"}}
[debug] [2020-11-01T07:13:25.285Z] [work-queue] {"queueLength":1,"workRunningCount":0}
[debug] [2020-11-01T07:13:25.285Z] [work-queue] {"queueLength":0,"workRunningCount":1}
[debug] [2020-11-01T07:13:25.286Z] FirebaseError: No trigger with name api {"metadata":{"emulator":{"name":"functions"},"message":{"name":"FirebaseError","children":[],"exit":1,"message":"No trigger with name api","status":500}}}
[debug] [2020-11-01T07:13:25.286Z] [work-queue] {"queueLength":0,"workRunningCount":0}
[debug] [2020-11-01T07:13:27.252Z] >>> HTTP REQUEST GET https://firebase.googleapis.com/v1beta1/projects/clone-b50ff/webApps/-/config  
 
[debug] [2020-11-01T07:13:28.887Z] <<< HTTP RESPONSE 200 {"content-type":"application/json; charset=UTF-8","vary":"X-Origin, Referer, Origin,Accept-Encoding","date":"Sun, 01 Nov 2020 07:13:28 GMT","server":"ESF","cache-control":"private","x-xss-protection":"0","x-frame-options":"SAMEORIGIN","x-content-type-options":"nosniff","alt-svc":"h3-Q050=\":443\"; ma=2592000,h3-29=\":443\"; ma=2592000,h3-T051=\":443\"; ma=2592000,h3-T050=\":443\"; ma=2592000,h3-Q046=\":443\"; ma=2592000,h3-Q043=\":443\"; ma=2592000,quic=\":443\"; ma=2592000; v=\"46,43\"","accept-ranges":"none","transfer-encoding":"chunked"}
[info] i  hosting: Serving hosting files from: build {"metadata":{"emulator":{"name":"hosting"},"message":"Serving hosting files from: \u001b[1mbuild\u001b[22m"}}
[info] +  hosting: Local server: http://localhost:5000 {"metadata":{"emulator":{"name":"hosting"},"message":"Local server: \u001b[4m\u001b[1mhttp://localhost:5000\u001b[22m\u001b[24m"}}
[debug] [2020-11-01T07:13:32.967Z] Ignoring unsupported arg: auto_download {"metadata":{"emulator":{"name":"ui"},"message":"Ignoring unsupported arg: auto_download"}}
[debug] [2020-11-01T07:13:32.968Z] Ignoring unsupported arg: port {"metadata":{"emulator":{"name":"ui"},"message":"Ignoring unsupported arg: port"}}
[debug] [2020-11-01T07:13:32.968Z] Starting Emulator UI with command {"binary":"node","args":["C:\\Users\\beyou\\.cache\\firebase\\emulators\\ui-v1.1.1\\server.bundle.js"],"optionalArgs":[],"joinArgs":false} {"metadata":{"emulator":{"name":"ui"},"message":"Starting Emulator UI with command {\"binary\":\"node\",\"args\":[\"C:\\\\Users\\\\beyou\\\\.cache\\\\firebase\\\\emulators\\\\ui-v1.1.1\\\\server.bundle.js\"],\"optionalArgs\":[],\"joinArgs\":false}"}}
[info] i  ui: Emulator UI logging to ui-debug.log {"metadata":{"emulator":{"name":"ui"},"message":"Emulator UI logging to \u001b[1mui-debug.log\u001b[22m"}}
[debug] [2020-11-01T07:13:33.068Z] Web / API server started at http://localhost:4000
 {"metadata":{"emulator":{"name":"ui"},"message":"Web / API server started at http://localhost:4000\n"}}
[info] i  functions: Watching "E:\React Project\amazon-clone\functions" for Cloud Functions... {"metadata":{"emulator":{"name":"functions"},"message":"Watching \"E:\\React Project\\amazon-clone\\functions\" for Cloud Functions..."}}
[debug] [2020-11-01T07:13:33.508Z] [worker-pool] addWorker(~diagnostic~) {"metadata":{"emulator":{"name":"functions"},"message":"[worker-pool] addWorker(~diagnostic~)"}}
[debug] [2020-11-01T07:13:33.509Z] [worker-pool] Adding worker with key ~diagnostic~, total=1 {"metadata":{"emulator":{"name":"functions"},"message":"[worker-pool] Adding worker with key ~diagnostic~, total=1"}}
[debug] [2020-11-01T07:13:33.509Z] [worker-pool] submitWork(triggerId=) {"metadata":{"emulator":{"name":"functions"},"message":"[worker-pool] submitWork(triggerId=)"}}
[debug] [2020-11-01T07:13:33.510Z] [worker-~diagnostic~-7ffbb55e-46a7-4fb7-999f-418264294986]: Assigning socketPath: \\?\pipe\E:\React Project\amazon-clone\functions\8972 {"metadata":{"emulator":{"name":"functions"},"message":"[worker-~diagnostic~-7ffbb55e-46a7-4fb7-999f-418264294986]: Assigning socketPath: \\\\?\\pipe\\E:\\React Project\\amazon-clone\\functions\\8972"}}
[debug] [2020-11-01T07:13:33.510Z] [worker-~diagnostic~-7ffbb55e-46a7-4fb7-999f-418264294986]: BUSY {"metadata":{"emulator":{"name":"functions"},"message":"[worker-~diagnostic~-7ffbb55e-46a7-4fb7-999f-418264294986]: BUSY"}}
[debug] [2020-11-01T07:13:33.909Z] [runtime-status] [8972] Functions runtime initialized. {"cwd":"E:\\React Project\\amazon-clone\\functions","node_version":"12.18.3"} {"metadata":{"emulator":{"name":"functions"},"message":"[runtime-status] [8972] Functions runtime initialized. {\"cwd\":\"E:\\\\React Project\\\\amazon-clone\\\\functions\",\"node_version\":\"12.18.3\"}"}}
[debug] [2020-11-01T07:13:33.911Z] [runtime-status] [8972] Disabled runtime features: undefined {"metadata":{"emulator":{"name":"functions"},"message":"[runtime-status] [8972] Disabled runtime features: undefined"}}
[debug] [2020-11-01T07:13:33.919Z] [runtime-status] [8972] Resolved module firebase-admin {"declared":true,"installed":true,"version":"8.13.0","resolution":"E:\\React Project\\amazon-clone\\functions\\node_modules\\firebase-admin\\lib\\index.js"} {"metadata":{"emulator":{"name":"functions"},"message":"[runtime-status] [8972] Resolved module firebase-admin {\"declared\":true,\"installed\":true,\"version\":\"8.13.0\",\"resolution\":\"E:\\\\React Project\\\\amazon-clone\\\\functions\\\\node_modules\\\\firebase-admin\\\\lib\\\\index.js\"}"}}
[debug] [2020-11-01T07:13:33.921Z] [runtime-status] [8972] Resolved module firebase-functions {"declared":true,"installed":true,"version":"3.11.0","resolution":"E:\\React Project\\amazon-clone\\functions\\node_modules\\firebase-functions\\lib\\index.js"} {"metadata":{"emulator":{"name":"functions"},"message":"[runtime-status] [8972] Resolved module firebase-functions {\"declared\":true,\"installed\":true,\"version\":\"3.11.0\",\"resolution\":\"E:\\\\React Project\\\\amazon-clone\\\\functions\\\\node_modules\\\\firebase-functions\\\\lib\\\\index.js\"}"}}
[debug] [2020-11-01T07:13:33.921Z] [runtime-status] [8972] Resolved module firebase-functions {"declared":true,"installed":true,"version":"3.11.0","resolution":"E:\\React Project\\amazon-clone\\functions\\node_modules\\firebase-functions\\lib\\index.js"} {"metadata":{"emulator":{"name":"functions"},"message":"[runtime-status] [8972] Resolved module firebase-functions {\"declared\":true,\"installed\":true,\"version\":\"3.11.0\",\"resolution\":\"E:\\\\React Project\\\\amazon-clone\\\\functions\\\\node_modules\\\\firebase-functions\\\\lib\\\\index.js\"}"}}
[debug] [2020-11-01T07:13:33.923Z] [runtime-status] [8972] Outgoing network have been stubbed. [{"name":"http","status":"mocked"},{"name":"http","status":"mocked"},{"name":"https","status":"mocked"},{"name":"https","status":"mocked"},{"name":"net","status":"mocked"}] {"metadata":{"emulator":{"name":"functions"},"message":"[runtime-status] [8972] Outgoing network have been stubbed. [{\"name\":\"http\",\"status\":\"mocked\"},{\"name\":\"http\",\"status\":\"mocked\"},{\"name\":\"https\",\"status\":\"mocked\"},{\"name\":\"https\",\"status\":\"mocked\"},{\"name\":\"net\",\"status\":\"mocked\"}]"}}
[debug] [2020-11-01T07:13:33.923Z] [runtime-status] [8972] Resolved module firebase-functions {"declared":true,"installed":true,"version":"3.11.0","resolution":"E:\\React Project\\amazon-clone\\functions\\node_modules\\firebase-functions\\lib\\index.js"} {"metadata":{"emulator":{"name":"functions"},"message":"[runtime-status] [8972] Resolved module firebase-functions {\"declared\":true,\"installed\":true,\"version\":\"3.11.0\",\"resolution\":\"E:\\\\React Project\\\\amazon-clone\\\\functions\\\\node_modules\\\\firebase-functions\\\\lib\\\\index.js\"}"}}
[debug] [2020-11-01T07:13:33.971Z] [runtime-status] [8972] Checked functions.config() {"config":{}} {"metadata":{"emulator":{"name":"functions"},"message":"[runtime-status] [8972] Checked functions.config() {\"config\":{}}"}}
[debug] [2020-11-01T07:13:33.971Z] [runtime-status] [8972] firebase-functions has been stubbed. {"functionsResolution":{"declared":true,"installed":true,"version":"3.11.0","resolution":"E:\\React Project\\amazon-clone\\functions\\node_modules\\firebase-functions\\lib\\index.js"}} {"metadata":{"emulator":{"name":"functions"},"message":"[runtime-status] [8972] firebase-functions has been stubbed. {\"functionsResolution\":{\"declared\":true,\"installed\":true,\"version\":\"3.11.0\",\"resolution\":\"E:\\\\React Project\\\\amazon-clone\\\\functions\\\\node_modules\\\\firebase-functions\\\\lib\\\\index.js\"}}"}}
[debug] [2020-11-01T07:13:33.971Z] [runtime-status] [8972] Resolved module firebase-functions {"declared":true,"installed":true,"version":"3.11.0","resolution":"E:\\React Project\\amazon-clone\\functions\\node_modules\\firebase-functions\\lib\\index.js"} {"metadata":{"emulator":{"name":"functions"},"message":"[runtime-status] [8972] Resolved module firebase-functions {\"declared\":true,\"installed\":true,\"version\":\"3.11.0\",\"resolution\":\"E:\\\\React Project\\\\amazon-clone\\\\functions\\\\node_modules\\\\firebase-functions\\\\lib\\\\index.js\"}"}}
[debug] [2020-11-01T07:13:33.972Z] [runtime-status] [8972] Resolved module firebase-admin {"declared":true,"installed":true,"version":"8.13.0","resolution":"E:\\React Project\\amazon-clone\\functions\\node_modules\\firebase-admin\\lib\\index.js"} {"metadata":{"emulator":{"name":"functions"},"message":"[runtime-status] [8972] Resolved module firebase-admin {\"declared\":true,\"installed\":true,\"version\":\"8.13.0\",\"resolution\":\"E:\\\\React Project\\\\amazon-clone\\\\functions\\\\node_modules\\\\firebase-admin\\\\lib\\\\index.js\"}"}}
[debug] [2020-11-01T07:13:33.973Z] [runtime-status] [8972] Resolved module firebase-functions {"declared":true,"installed":true,"version":"3.11.0","resolution":"E:\\React Project\\amazon-clone\\functions\\node_modules\\firebase-functions\\lib\\index.js"} {"metadata":{"emulator":{"name":"functions"},"message":"[runtime-status] [8972] Resolved module firebase-functions {\"declared\":true,\"installed\":true,\"version\":\"3.11.0\",\"resolution\":\"E:\\\\React Project\\\\amazon-clone\\\\functions\\\\node_modules\\\\firebase-functions\\\\lib\\\\index.js\"}"}}
[debug] [2020-11-01T07:13:33.973Z] [runtime-status] [8972] firebase-admin has been stubbed. {"adminResolution":{"declared":true,"installed":true,"version":"8.13.0","resolution":"E:\\React Project\\amazon-clone\\functions\\node_modules\\firebase-admin\\lib\\index.js"}} {"metadata":{"emulator":{"name":"functions"},"message":"[runtime-status] [8972] firebase-admin has been stubbed. {\"adminResolution\":{\"declared\":true,\"installed\":true,\"version\":\"8.13.0\",\"resolution\":\"E:\\\\React Project\\\\amazon-clone\\\\functions\\\\node_modules\\\\firebase-admin\\\\lib\\\\index.js\"}}"}}
[info] +  functions[api]: http function initialized (http://localhost:5001/clone-b50ff/us-central1/api). {"metadata":{"emulator":{"name":"functions"},"message":"\u001b[1mhttp\u001b[22m function initialized (http://localhost:5001/clone-b50ff/us-central1/api)."}}
[info] 
┌───────────────────────────────────────────────────────────────────────┐
│ ✔  All emulators ready! View status and logs at http://localhost:4000 │
└───────────────────────────────────────────────────────────────────────┘

┌───────────┬────────────────┬─────────────────────────────────┐
│ Emulator  │ Host:Port      │ View in Emulator UI             │
├───────────┼────────────────┼─────────────────────────────────┤
│ Functions │ localhost:5001 │ http://localhost:4000/functions │
├───────────┼────────────────┼─────────────────────────────────┤
│ Hosting   │ localhost:5000 │ n/a                             │
└───────────┴────────────────┴─────────────────────────────────┘
  Other reserved ports: 4400, 4500

Issues? Report them at https://github.com/firebase/firebase-tools/issues and attach the *-debug.log files.
 
[debug] [2020-11-01T07:13:34.118Z] [worker-~diagnostic~-7ffbb55e-46a7-4fb7-999f-418264294986]: IDLE {"metadata":{"emulator":{"name":"functions"},"message":"[worker-~diagnostic~-7ffbb55e-46a7-4fb7-999f-418264294986]: IDLE"}}
[debug] [2020-11-01T07:13:46.311Z] [work-queue] {"queueLength":1,"workRunningCount":0}
[debug] [2020-11-01T07:13:46.312Z] [work-queue] {"queueLength":0,"workRunningCount":1}
[debug] [2020-11-01T07:13:46.312Z] Accepted request POST /clone-b50ff/us-central1/api/payments/create?total=1500000 --> api
[debug] [2020-11-01T07:13:46.316Z] [worker-pool] addWorker(api) {"metadata":{"emulator":{"name":"functions"},"message":"[worker-pool] addWorker(api)"}}
[debug] [2020-11-01T07:13:46.317Z] [worker-pool] Adding worker with key api, total=1 {"metadata":{"emulator":{"name":"functions"},"message":"[worker-pool] Adding worker with key api, total=1"}}
[debug] [2020-11-01T07:13:46.317Z] [worker-pool] submitWork(triggerId=api) {"metadata":{"emulator":{"name":"functions"},"message":"[worker-pool] submitWork(triggerId=api)"}}
[debug] [2020-11-01T07:13:46.317Z] [worker-api-5f43329f-5549-4887-9062-802d0b603f71]: Assigning socketPath: \\?\pipe\E:\React Project\amazon-clone\functions\2344 {"metadata":{"emulator":{"name":"functions"},"message":"[worker-api-5f43329f-5549-4887-9062-802d0b603f71]: Assigning socketPath: \\\\?\\pipe\\E:\\React Project\\amazon-clone\\functions\\2344"}}
[debug] [2020-11-01T07:13:46.317Z] [worker-api-5f43329f-5549-4887-9062-802d0b603f71]: BUSY {"metadata":{"emulator":{"name":"functions"},"message":"[worker-api-5f43329f-5549-4887-9062-802d0b603f71]: BUSY"}}
[debug] [2020-11-01T07:13:46.688Z] [runtime-status] [2344] Functions runtime initialized. {"cwd":"E:\\React Project\\amazon-clone\\functions","node_version":"12.18.3"} {"metadata":{"emulator":{"name":"functions"},"function":{"name":"api"},"message":"[runtime-status] [2344] Functions runtime initialized. {\"cwd\":\"E:\\\\React Project\\\\amazon-clone\\\\functions\",\"node_version\":\"12.18.3\"}"}}
[debug] [2020-11-01T07:13:46.690Z] [runtime-status] [2344] Disabled runtime features: undefined {"metadata":{"emulator":{"name":"functions"},"function":{"name":"api"},"message":"[runtime-status] [2344] Disabled runtime features: undefined"}}
[debug] [2020-11-01T07:13:46.697Z] [runtime-status] [2344] Resolved module firebase-admin {"declared":true,"installed":true,"version":"8.13.0","resolution":"E:\\React Project\\amazon-clone\\functions\\node_modules\\firebase-admin\\lib\\index.js"} {"metadata":{"emulator":{"name":"functions"},"function":{"name":"api"},"message":"[runtime-status] [2344] Resolved module firebase-admin {\"declared\":true,\"installed\":true,\"version\":\"8.13.0\",\"resolution\":\"E:\\\\React Project\\\\amazon-clone\\\\functions\\\\node_modules\\\\firebase-admin\\\\lib\\\\index.js\"}"}}
[debug] [2020-11-01T07:13:46.698Z] [runtime-status] [2344] Resolved module firebase-functions {"declared":true,"installed":true,"version":"3.11.0","resolution":"E:\\React Project\\amazon-clone\\functions\\node_modules\\firebase-functions\\lib\\index.js"} {"metadata":{"emulator":{"name":"functions"},"function":{"name":"api"},"message":"[runtime-status] [2344] Resolved module firebase-functions {\"declared\":true,\"installed\":true,\"version\":\"3.11.0\",\"resolution\":\"E:\\\\React Project\\\\amazon-clone\\\\functions\\\\node_modules\\\\firebase-functions\\\\lib\\\\index.js\"}"}}
[debug] [2020-11-01T07:13:46.699Z] [runtime-status] [2344] Resolved module firebase-functions {"declared":true,"installed":true,"version":"3.11.0","resolution":"E:\\React Project\\amazon-clone\\functions\\node_modules\\firebase-functions\\lib\\index.js"} {"metadata":{"emulator":{"name":"functions"},"function":{"name":"api"},"message":"[runtime-status] [2344] Resolved module firebase-functions {\"declared\":true,\"installed\":true,\"version\":\"3.11.0\",\"resolution\":\"E:\\\\React Project\\\\amazon-clone\\\\functions\\\\node_modules\\\\firebase-functions\\\\lib\\\\index.js\"}"}}
[debug] [2020-11-01T07:13:46.701Z] [runtime-status] [2344] Outgoing network have been stubbed. [{"name":"http","status":"mocked"},{"name":"http","status":"mocked"},{"name":"https","status":"mocked"},{"name":"https","status":"mocked"},{"name":"net","status":"mocked"}] {"metadata":{"emulator":{"name":"functions"},"function":{"name":"api"},"message":"[runtime-status] [2344] Outgoing network have been stubbed. [{\"name\":\"http\",\"status\":\"mocked\"},{\"name\":\"http\",\"status\":\"mocked\"},{\"name\":\"https\",\"status\":\"mocked\"},{\"name\":\"https\",\"status\":\"mocked\"},{\"name\":\"net\",\"status\":\"mocked\"}]"}}
[debug] [2020-11-01T07:13:46.702Z] [runtime-status] [2344] Resolved module firebase-functions {"declared":true,"installed":true,"version":"3.11.0","resolution":"E:\\React Project\\amazon-clone\\functions\\node_modules\\firebase-functions\\lib\\index.js"} {"metadata":{"emulator":{"name":"functions"},"function":{"name":"api"},"message":"[runtime-status] [2344] Resolved module firebase-functions {\"declared\":true,\"installed\":true,\"version\":\"3.11.0\",\"resolution\":\"E:\\\\React Project\\\\amazon-clone\\\\functions\\\\node_modules\\\\firebase-functions\\\\lib\\\\index.js\"}"}}
[debug] [2020-11-01T07:13:46.738Z] [runtime-status] [2344] Checked functions.config() {"config":{}} {"metadata":{"emulator":{"name":"functions"},"function":{"name":"api"},"message":"[runtime-status] [2344] Checked functions.config() {\"config\":{}}"}}
[debug] [2020-11-01T07:13:46.738Z] [runtime-status] [2344] firebase-functions has been stubbed. {"functionsResolution":{"declared":true,"installed":true,"version":"3.11.0","resolution":"E:\\React Project\\amazon-clone\\functions\\node_modules\\firebase-functions\\lib\\index.js"}} {"metadata":{"emulator":{"name":"functions"},"function":{"name":"api"},"message":"[runtime-status] [2344] firebase-functions has been stubbed. {\"functionsResolution\":{\"declared\":true,\"installed\":true,\"version\":\"3.11.0\",\"resolution\":\"E:\\\\React Project\\\\amazon-clone\\\\functions\\\\node_modules\\\\firebase-functions\\\\lib\\\\index.js\"}}"}}
[debug] [2020-11-01T07:13:46.738Z] [runtime-status] [2344] Resolved module firebase-functions {"declared":true,"installed":true,"version":"3.11.0","resolution":"E:\\React Project\\amazon-clone\\functions\\node_modules\\firebase-functions\\lib\\index.js"} {"metadata":{"emulator":{"name":"functions"},"function":{"name":"api"},"message":"[runtime-status] [2344] Resolved module firebase-functions {\"declared\":true,\"installed\":true,\"version\":\"3.11.0\",\"resolution\":\"E:\\\\React Project\\\\amazon-clone\\\\functions\\\\node_modules\\\\firebase-functions\\\\lib\\\\index.js\"}"}}
[debug] [2020-11-01T07:13:46.739Z] [runtime-status] [2344] Resolved module firebase-admin {"declared":true,"installed":true,"version":"8.13.0","resolution":"E:\\React Project\\amazon-clone\\functions\\node_modules\\firebase-admin\\lib\\index.js"} {"metadata":{"emulator":{"name":"functions"},"function":{"name":"api"},"message":"[runtime-status] [2344] Resolved module firebase-admin {\"declared\":true,\"installed\":true,\"version\":\"8.13.0\",\"resolution\":\"E:\\\\React Project\\\\amazon-clone\\\\functions\\\\node_modules\\\\firebase-admin\\\\lib\\\\index.js\"}"}}
[debug] [2020-11-01T07:13:46.740Z] [runtime-status] [2344] Resolved module firebase-functions {"declared":true,"installed":true,"version":"3.11.0","resolution":"E:\\React Project\\amazon-clone\\functions\\node_modules\\firebase-functions\\lib\\index.js"} {"metadata":{"emulator":{"name":"functions"},"function":{"name":"api"},"message":"[runtime-status] [2344] Resolved module firebase-functions {\"declared\":true,\"installed\":true,\"version\":\"3.11.0\",\"resolution\":\"E:\\\\React Project\\\\amazon-clone\\\\functions\\\\node_modules\\\\firebase-functions\\\\lib\\\\index.js\"}"}}
[debug] [2020-11-01T07:13:46.740Z] [runtime-status] [2344] firebase-admin has been stubbed. {"adminResolution":{"declared":true,"installed":true,"version":"8.13.0","resolution":"E:\\React Project\\amazon-clone\\functions\\node_modules\\firebase-admin\\lib\\index.js"}} {"metadata":{"emulator":{"name":"functions"},"function":{"name":"api"},"message":"[runtime-status] [2344] firebase-admin has been stubbed. {\"adminResolution\":{\"declared\":true,\"installed\":true,\"version\":\"8.13.0\",\"resolution\":\"E:\\\\React Project\\\\amazon-clone\\\\functions\\\\node_modules\\\\firebase-admin\\\\lib\\\\index.js\"}}"}}
[debug] [2020-11-01T07:13:46.860Z] [runtime-status] [2344] Trigger "api" has been found, beginning invocation! {"metadata":{"emulator":{"name":"functions"},"function":{"name":"api"},"message":"[runtime-status] [2344] Trigger \"api\" has been found, beginning invocation!"}}
[info] i  functions: Beginning execution of "api" {"metadata":{"emulator":{"name":"functions"},"function":{"name":"api"},"message":"Beginning execution of \"api\""}}
[debug] [2020-11-01T07:13:46.861Z] [runtime-status] [2344] triggerDefinition {"httpsTrigger":{},"name":"api","entryPoint":"api"} {"metadata":{"emulator":{"name":"functions"},"function":{"name":"api"},"message":"[runtime-status] [2344] triggerDefinition {\"httpsTrigger\":{},\"name\":\"api\",\"entryPoint\":\"api\"}"}}
[debug] [2020-11-01T07:13:46.861Z] [runtime-status] [2344] Running api in mode HTTPS {"metadata":{"emulator":{"name":"functions"},"function":{"name":"api"},"message":"[runtime-status] [2344] Running api in mode HTTPS"}}
[debug] [2020-11-01T07:13:46.863Z] [runtime-status] [2344] Attempting to listen to socketPath: \\?\pipe\E:\React Project\amazon-clone\functions\2344 {"metadata":{"emulator":{"name":"functions"},"function":{"name":"api"},"message":"[runtime-status] [2344] Attempting to listen to socketPath: \\\\?\\pipe\\E:\\React Project\\amazon-clone\\functions\\2344"}}
[debug] [2020-11-01T07:13:46.866Z] [functions] Runtime ready! Sending request! {"metadata":{"emulator":{"name":"functions"},"message":"[functions] Runtime ready! Sending request!"}}
[debug] [2020-11-01T07:13:46.874Z] [runtime-status] [2344] Ephemeral server handling POST request {"metadata":{"emulator":{"name":"functions"},"function":{"name":"api"},"message":"[runtime-status] [2344] Ephemeral server handling POST request"}}
[info] >  Payment Request Recieved BOOM!!! for this amount >>>  1500000 {"user":"Payment Request Recieved BOOM!!! for this amount >>>  1500000","metadata":{"emulator":{"name":"functions"},"function":{"name":"api"},"message":"\u001b[90m> \u001b[39m Payment Request Recieved BOOM!!! for this amount >>>  1500000"}}
[debug] [2020-11-01T07:13:46.890Z] [runtime-status] [2344] Ephemeral server survived. {"metadata":{"emulator":{"name":"functions"},"function":{"name":"api"},"message":"[runtime-status] [2344] Ephemeral server survived."}}
[info] i  functions: Finished "api" in ~1s {"metadata":{"emulator":{"name":"functions"},"function":{"name":"api"},"message":"Finished \"api\" in ~1s"}}
[debug] [2020-11-01T07:13:47.776Z] [worker-api-5f43329f-5549-4887-9062-802d0b603f71]: IDLE {"metadata":{"emulator":{"name":"functions"},"message":"[worker-api-5f43329f-5549-4887-9062-802d0b603f71]: IDLE"}}
[debug] [2020-11-01T07:13:47.776Z] [work-queue] {"queueLength":0,"workRunningCount":0}
